# JRE version: OpenJDK Runtime Environment Microsoft-8035246 (17.0.8+7) (build 17.0.8+7-LTS)
# Java VM: OpenJDK 64-Bit Server VM Microsoft-8035246 (17.0.8+7-LTS, mixed mode, sharing, tiered, compressed oops, compressed class ptrs, g1 gc, windows-amd64)
GC Precious Log:
 CPUs: 4 total, 4 available
 Memory: 8071M
 Large Page Support: Disabled
 NUMA Support: Disabled
 Compressed Oops: Enabled (32-bit)
 Heap Region Size: 1M
 Heap Min Capacity: 8M
 Heap Initial Capacity: 128M
 Heap Max Capacity: 2G
 Pre-touch: Disabled
 Parallel Workers: 4
 Concurrent Workers: 1
 Concurrent Refinement Workers: 4
 Periodic GC: Disabled
Heap:
 garbage-first heap   total 243712K, used 198594K [0x0000000080000000, 0x0000000100000000)
  region size 1024K, 81 young (82944K), 11 survivors (11264K)
 Metaspace       used 97579K, committed 98560K, reserved 557056K
  class space    used 13653K, committed 14080K, reserved 425984K
GC Heap History (20 events):
Event: 20.651 GC heap before
{Heap before GC invocations=28 (full 0):
 garbage-first heap   total 121856K, used 98308K [0x0000000080000000, 0x0000000100000000)
  region size 1024K, 31 young (31744K), 1 survivors (1024K)
 Metaspace       used 64912K, committed 65664K, reserved 491520K
  class space    used 9177K, committed 9536K, reserved 425984K
}
Event: 20.664 GC heap after
{Heap after GC invocations=29 (full 0):
 garbage-first heap   total 243712K, used 71315K [0x0000000080000000, 0x0000000100000000)
  region size 1024K, 4 young (4096K), 4 survivors (4096K)
 Metaspace       used 64912K, committed 65664K, reserved 491520K
  class space    used 9177K, committed 9536K, reserved 425984K
}
Event: 33.603 GC heap before
{Heap before GC invocations=30 (full 0):
 garbage-first heap   total 243712K, used 178835K [0x0000000080000000, 0x0000000100000000)
  region size 1024K, 109 young (111616K), 4 survivors (4096K)
 Metaspace       used 69719K, committed 70464K, reserved 491520K
  class space    used 9894K, committed 10240K, reserved 425984K
}
Event: 33.625 GC heap after
{Heap after GC invocations=31 (full 0):
 garbage-first heap   total 243712K, used 80745K [0x0000000080000000, 0x0000000100000000)
  region size 1024K, 13 young (13312K), 13 survivors (13312K)
 Metaspace       used 69719K, committed 70464K, reserved 491520K
  class space    used 9894K, committed 10240K, reserved 425984K
}
Event: 33.639 GC heap before
{Heap before GC invocations=31 (full 0):
 garbage-first heap   total 243712K, used 81769K [0x0000000080000000, 0x0000000100000000)
  region size 1024K, 14 young (14336K), 13 survivors (13312K)
 Metaspace       used 69723K, committed 70464K, reserved 491520K
  class space    used 9894K, committed 10240K, reserved 425984K
}
Event: 33.658 GC heap after
{Heap after GC invocations=32 (full 0):
 garbage-first heap   total 243712K, used 81902K [0x0000000080000000, 0x0000000100000000)
  region size 1024K, 2 young (2048K), 2 survivors (2048K)
 Metaspace       used 69723K, committed 70464K, reserved 491520K
  class space    used 9894K, committed 10240K, reserved 425984K
}
Event: 35.835 GC heap before
{Heap before GC invocations=32 (full 0):
 garbage-first heap   total 243712K, used 182254K [0x0000000080000000, 0x0000000100000000)
  region size 1024K, 101 young (103424K), 2 survivors (2048K)
 Metaspace       used 69841K, committed 70592K, reserved 491520K
  class space    used 9894K, committed 10240K, reserved 425984K
}
Event: 35.844 GC heap after
{Heap after GC invocations=33 (full 0):
 garbage-first heap   total 243712K, used 85505K [0x0000000080000000, 0x0000000100000000)
  region size 1024K, 6 young (6144K), 6 survivors (6144K)
 Metaspace       used 69841K, committed 70592K, reserved 491520K
  class space    used 9894K, committed 10240K, reserved 425984K
}
Event: 38.185 GC heap before
{Heap before GC invocations=33 (full 0):
 garbage-first heap   total 243712K, used 194049K [0x0000000080000000, 0x0000000100000000)
  region size 1024K, 106 young (108544K), 6 survivors (6144K)
 Metaspace       used 75786K, committed 76608K, reserved 557056K
  class space    used 10531K, committed 10944K, reserved 425984K
}
Event: 38.203 GC heap after
{Heap after GC invocations=34 (full 0):
 garbage-first heap   total 243712K, used 100027K [0x0000000080000000, 0x0000000100000000)
  region size 1024K, 14 young (14336K), 14 survivors (14336K)
 Metaspace       used 75786K, committed 76608K, reserved 557056K
  class space    used 10531K, committed 10944K, reserved 425984K
}
Event: 40.656 GC heap before
{Heap before GC invocations=34 (full 0):
 garbage-first heap   total 243712K, used 196283K [0x0000000080000000, 0x0000000100000000)
  region size 1024K, 103 young (105472K), 14 survivors (14336K)
 Metaspace       used 81949K, committed 82752K, reserved 557056K
  class space    used 11333K, committed 11712K, reserved 425984K
}
Event: 40.681 GC heap after
{Heap after GC invocations=35 (full 0):
 garbage-first heap   total 243712K, used 107357K [0x0000000080000000, 0x0000000100000000)
  region size 1024K, 7 young (7168K), 7 survivors (7168K)
 Metaspace       used 81949K, committed 82752K, reserved 557056K
  class space    used 11333K, committed 11712K, reserved 425984K
}
Event: 42.324 GC heap before
{Heap before GC invocations=35 (full 0):
 garbage-first heap   total 243712K, used 193373K [0x0000000080000000, 0x0000000100000000)
  region size 1024K, 91 young (93184K), 7 survivors (7168K)
 Metaspace       used 85495K, committed 86336K, reserved 557056K
  class space    used 11806K, committed 12224K, reserved 425984K
}
Event: 42.339 GC heap after
{Heap after GC invocations=36 (full 0):
 garbage-first heap   total 243712K, used 112597K [0x0000000080000000, 0x0000000100000000)
  region size 1024K, 5 young (5120K), 5 survivors (5120K)
 Metaspace       used 85495K, committed 86336K, reserved 557056K
  class space    used 11806K, committed 12224K, reserved 425984K
}
Event: 44.098 GC heap before
{Heap before GC invocations=36 (full 0):
 garbage-first heap   total 243712K, used 196565K [0x0000000080000000, 0x0000000100000000)
  region size 1024K, 87 young (89088K), 5 survivors (5120K)
 Metaspace       used 89943K, committed 90816K, reserved 557056K
  class space    used 12453K, committed 12864K, reserved 425984K
}
Event: 44.113 GC heap after
{Heap after GC invocations=37 (full 0):
 garbage-first heap   total 243712K, used 115931K [0x0000000080000000, 0x0000000100000000)
  region size 1024K, 9 young (9216K), 9 survivors (9216K)
 Metaspace       used 89943K, committed 90816K, reserved 557056K
  class space    used 12453K, committed 12864K, reserved 425984K
}
Event: 45.717 GC heap before
{Heap before GC invocations=37 (full 0):
 garbage-first heap   total 243712K, used 198875K [0x0000000080000000, 0x0000000100000000)
  region size 1024K, 90 young (92160K), 9 survivors (9216K)
 Metaspace       used 94730K, committed 95616K, reserved 557056K
  class space    used 13243K, committed 13696K, reserved 425984K
}
Event: 45.735 GC heap after
{Heap after GC invocations=38 (full 0):
 garbage-first heap   total 243712K, used 120157K [0x0000000080000000, 0x0000000100000000)
  region size 1024K, 8 young (8192K), 8 survivors (8192K)
 Metaspace       used 94730K, committed 95616K, reserved 557056K
  class space    used 13243K, committed 13696K, reserved 425984K
}
Event: 47.277 GC heap before
{Heap before GC invocations=38 (full 0):
 garbage-first heap   total 243712K, used 200029K [0x0000000080000000, 0x0000000100000000)
  region size 1024K, 87 young (89088K), 8 survivors (8192K)
 Metaspace       used 96557K, committed 97536K, reserved 557056K
  class space    used 13491K, committed 13952K, reserved 425984K
}
Event: 47.301 GC heap after
{Heap after GC invocations=39 (full 0):
 garbage-first heap   total 243712K, used 128962K [0x0000000080000000, 0x0000000100000000)
  region size 1024K, 11 young (11264K), 11 survivors (11264K)
 Metaspace       used 96557K, committed 97536K, reserved 557056K
  class space    used 13491K, committed 13952K, reserved 425984K
}

