# JRE version: OpenJDK Runtime Environment Microsoft-8035246 (17.0.8+7) (build 17.0.8+7-LTS)
# Java VM: OpenJDK 64-Bit Server VM Microsoft-8035246 (17.0.8+7-LTS, mixed mode, sharing, tiered, compressed oops, compressed class ptrs, g1 gc, windows-amd64)
GC Precious Log:
 CPUs: 4 total, 4 available
 Memory: 8071M
 Large Page Support: Disabled
 NUMA Support: Disabled
 Compressed Oops: Enabled (32-bit)
 Heap Region Size: 1M
 Heap Min Capacity: 8M
 Heap Initial Capacity: 128M
 Heap Max Capacity: 2G
 Pre-touch: Disabled
 Parallel Workers: 4
 Concurrent Workers: 1
 Concurrent Refinement Workers: 4
 Periodic GC: Disabled
Heap:
 garbage-first heap   total 182272K, used 143170K [0x0000000080000000, 0x0000000100000000)
  region size 1024K, 62 young (63488K), 5 survivors (5120K)
 Metaspace       used 69917K, committed 70720K, reserved 491520K
  class space    used 9898K, committed 10304K, reserved 425984K
GC Heap History (20 events):
Event: 21.178 GC heap before
{Heap before GC invocations=19 (full 0):
 garbage-first heap   total 89088K, used 61851K [0x0000000080000000, 0x0000000100000000)
  region size 1024K, 4 young (4096K), 3 survivors (3072K)
 Metaspace       used 56675K, committed 57280K, reserved 491520K
  class space    used 8075K, committed 8384K, reserved 425984K
}
Event: 21.185 GC heap after
{Heap after GC invocations=20 (full 0):
 garbage-first heap   total 89088K, used 61250K [0x0000000080000000, 0x0000000100000000)
  region size 1024K, 1 young (1024K), 1 survivors (1024K)
 Metaspace       used 56675K, committed 57280K, reserved 491520K
  class space    used 8075K, committed 8384K, reserved 425984K
}
Event: 21.604 GC heap before
{Heap before GC invocations=20 (full 0):
 garbage-first heap   total 89088K, used 74562K [0x0000000080000000, 0x0000000100000000)
  region size 1024K, 14 young (14336K), 1 survivors (1024K)
 Metaspace       used 57560K, committed 58176K, reserved 491520K
  class space    used 8190K, committed 8448K, reserved 425984K
}
Event: 21.607 GC heap after
{Heap after GC invocations=21 (full 0):
 garbage-first heap   total 89088K, used 61617K [0x0000000080000000, 0x0000000100000000)
  region size 1024K, 2 young (2048K), 2 survivors (2048K)
 Metaspace       used 57560K, committed 58176K, reserved 491520K
  class space    used 8190K, committed 8448K, reserved 425984K
}
Event: 21.976 GC heap before
{Heap before GC invocations=22 (full 0):
 garbage-first heap   total 111616K, used 73905K [0x0000000080000000, 0x0000000100000000)
  region size 1024K, 15 young (15360K), 2 survivors (2048K)
 Metaspace       used 58748K, committed 59392K, reserved 491520K
  class space    used 8331K, committed 8640K, reserved 425984K
}
Event: 21.980 GC heap after
{Heap after GC invocations=23 (full 0):
 garbage-first heap   total 111616K, used 62807K [0x0000000080000000, 0x0000000100000000)
  region size 1024K, 2 young (2048K), 2 survivors (2048K)
 Metaspace       used 58748K, committed 59392K, reserved 491520K
  class space    used 8331K, committed 8640K, reserved 425984K
}
Event: 22.079 GC heap before
{Heap before GC invocations=23 (full 0):
 garbage-first heap   total 111616K, used 64855K [0x0000000080000000, 0x0000000100000000)
  region size 1024K, 5 young (5120K), 2 survivors (2048K)
 Metaspace       used 58924K, committed 59520K, reserved 491520K
  class space    used 8354K, committed 8640K, reserved 425984K
}
Event: 22.085 GC heap after
{Heap after GC invocations=24 (full 0):
 garbage-first heap   total 111616K, used 62652K [0x0000000080000000, 0x0000000100000000)
  region size 1024K, 1 young (1024K), 1 survivors (1024K)
 Metaspace       used 58924K, committed 59520K, reserved 491520K
  class space    used 8354K, committed 8640K, reserved 425984K
}
Event: 22.858 GC heap before
{Heap before GC invocations=24 (full 0):
 garbage-first heap   total 111616K, used 93372K [0x0000000080000000, 0x0000000100000000)
  region size 1024K, 31 young (31744K), 1 survivors (1024K)
 Metaspace       used 60700K, committed 61312K, reserved 491520K
  class space    used 8609K, committed 8896K, reserved 425984K
}
Event: 22.861 GC heap after
{Heap after GC invocations=25 (full 0):
 garbage-first heap   total 111616K, used 63544K [0x0000000080000000, 0x0000000100000000)
  region size 1024K, 2 young (2048K), 2 survivors (2048K)
 Metaspace       used 60700K, committed 61312K, reserved 491520K
  class space    used 8609K, committed 8896K, reserved 425984K
}
Event: 23.638 GC heap before
{Heap before GC invocations=26 (full 0):
 garbage-first heap   total 116736K, used 92216K [0x0000000080000000, 0x0000000100000000)
  region size 1024K, 31 young (31744K), 2 survivors (2048K)
 Metaspace       used 61858K, committed 62464K, reserved 491520K
  class space    used 8758K, committed 9024K, reserved 425984K
}
Event: 23.644 GC heap after
{Heap after GC invocations=27 (full 0):
 garbage-first heap   total 116736K, used 66471K [0x0000000080000000, 0x0000000100000000)
  region size 1024K, 4 young (4096K), 4 survivors (4096K)
 Metaspace       used 61858K, committed 62464K, reserved 491520K
  class space    used 8758K, committed 9024K, reserved 425984K
}
Event: 23.671 GC heap before
{Heap before GC invocations=27 (full 0):
 garbage-first heap   total 116736K, used 67495K [0x0000000080000000, 0x0000000100000000)
  region size 1024K, 5 young (5120K), 4 survivors (4096K)
 Metaspace       used 61926K, committed 62592K, reserved 491520K
  class space    used 8769K, committed 9088K, reserved 425984K
}
Event: 23.680 GC heap after
{Heap after GC invocations=28 (full 0):
 garbage-first heap   total 182272K, used 66669K [0x0000000080000000, 0x0000000100000000)
  region size 1024K, 1 young (1024K), 1 survivors (1024K)
 Metaspace       used 61926K, committed 62592K, reserved 491520K
  class space    used 8769K, committed 9088K, reserved 425984K
}
Event: 26.436 GC heap before
{Heap before GC invocations=28 (full 0):
 garbage-first heap   total 182272K, used 151661K [0x0000000080000000, 0x0000000100000000)
  region size 1024K, 84 young (86016K), 1 survivors (1024K)
 Metaspace       used 67135K, committed 67840K, reserved 491520K
  class space    used 9598K, committed 9984K, reserved 425984K
}
Event: 26.454 GC heap after
{Heap after GC invocations=29 (full 0):
 garbage-first heap   total 182272K, used 73454K [0x0000000080000000, 0x0000000100000000)
  region size 1024K, 8 young (8192K), 8 survivors (8192K)
 Metaspace       used 67135K, committed 67840K, reserved 491520K
  class space    used 9598K, committed 9984K, reserved 425984K
}
Event: 42.689 GC heap before
{Heap before GC invocations=29 (full 0):
 garbage-first heap   total 182272K, used 148206K [0x0000000080000000, 0x0000000100000000)
  region size 1024K, 81 young (82944K), 8 survivors (8192K)
 Metaspace       used 69772K, committed 70528K, reserved 491520K
  class space    used 9894K, committed 10240K, reserved 425984K
}
Event: 42.709 GC heap after
{Heap after GC invocations=30 (full 0):
 garbage-first heap   total 182272K, used 80781K [0x0000000080000000, 0x0000000100000000)
  region size 1024K, 9 young (9216K), 9 survivors (9216K)
 Metaspace       used 69772K, committed 70528K, reserved 491520K
  class space    used 9894K, committed 10240K, reserved 425984K
}
Event: 44.221 GC heap before
{Heap before GC invocations=30 (full 0):
 garbage-first heap   total 182272K, used 145293K [0x0000000080000000, 0x0000000100000000)
  region size 1024K, 73 young (74752K), 9 survivors (9216K)
 Metaspace       used 69881K, committed 70656K, reserved 491520K
  class space    used 9895K, committed 10240K, reserved 425984K
}
Event: 44.235 GC heap after
{Heap after GC invocations=31 (full 0):
 garbage-first heap   total 182272K, used 83778K [0x0000000080000000, 0x0000000100000000)
  region size 1024K, 5 young (5120K), 5 survivors (5120K)
 Metaspace       used 69881K, committed 70656K, reserved 491520K
  class space    used 9895K, committed 10240K, reserved 425984K
}

